<?xml version="1.0" encoding="UTF-8"?>
<!-- Generated by org.testng.reporters.JUnitReportReporter -->
<testsuite skipped="0" hostname="HDC2-D-CBLWXJ2" name="testngdemo.Excel" tests="1" failures="0" timestamp="13 Aug 2019 10:09:54 GMT" time="3.679" errors="0">
  <testcase name="f" time="3.679" classname="testngdemo.Excel"/>
</testsuite> <!-- testngdemo.Excel -->
