<?xml version="1.0" encoding="UTF-8"?>
<!-- Generated by org.testng.reporters.JUnitReportReporter -->
<testsuite skipped="0" hostname="HDC2-D-CBLWXJ2" name="testngdemo.testng3" tests="2" failures="0" timestamp="12 Aug 2019 03:32:20 GMT" time="0.005" errors="0">
  <testcase name="login" time="0.003" classname="testngdemo.testng3"/>
  <testcase name="login" time="0.002" classname="testngdemo.testng3"/>
</testsuite> <!-- testngdemo.testng3 -->
