<?xml version="1.0" encoding="UTF-8"?>
<!-- Generated by org.testng.reporters.JUnitReportReporter -->
<testsuite skipped="0" hostname="HDC2-D-CBLWXJ2" name="testngdemo.TestActions" tests="1" failures="0" timestamp="13 Aug 2019 06:41:43 GMT" time="17.287" errors="0">
  <testcase name="testActions" time="17.287" classname="testngdemo.TestActions"/>
</testsuite> <!-- testngdemo.TestActions -->
