<?xml version="1.0" encoding="UTF-8"?>
<!-- Generated by org.testng.reporters.JUnitReportReporter -->
<testsuite skipped="0" hostname="HDC2-D-CBLWXJ2" name="testngdemo.Examplescenario2" tests="1" failures="0" timestamp="13 Aug 2019 09:39:12 GMT" time="19.389" errors="0">
  <testcase name="f" time="19.389" classname="testngdemo.Examplescenario2"/>
</testsuite> <!-- testngdemo.Examplescenario2 -->
