<?xml version="1.0" encoding="UTF-8"?>
<!-- Generated by org.testng.reporters.JUnitReportReporter -->
<testsuite skipped="0" hostname="HDC2-D-CBLWXJ2" name="testngdemo.Webdriver" tests="1" failures="0" timestamp="12 Aug 2019 10:33:46 GMT" time="14.475" errors="0">
  <testcase name="sTest" time="14.475" classname="testngdemo.Webdriver"/>
</testsuite> <!-- testngdemo.Webdriver -->
