<?xml version="1.0" encoding="UTF-8"?>
<!-- Generated by org.testng.reporters.JUnitReportReporter -->
<testsuite skipped="0" hostname="HDC2-D-CBLWXJ2" name="testngdemo.DemoAlert" tests="1" failures="0" timestamp="13 Aug 2019 05:06:40 GMT" time="10.182" errors="0">
  <testcase name="f" time="10.182" classname="testngdemo.DemoAlert"/>
</testsuite> <!-- testngdemo.DemoAlert -->
