<?xml version="1.0" encoding="UTF-8"?>
<!-- Generated by org.testng.reporters.JUnitReportReporter -->
<testsuite skipped="0" hostname="HDC2-D-CBLWXJ2" name="testngdemo.testng2" tests="6" failures="0" timestamp="12 Aug 2019 03:32:20 GMT" time="0.040" errors="0">
  <testcase name="login" time="0.008" classname="testngdemo.testng2"/>
  <testcase name="logout" time="0.020" classname="testngdemo.testng2"/>
  <testcase name="openApp" time="0.004" classname="testngdemo.testng2"/>
  <testcase name="openApp" time="0.001" classname="testngdemo.testng2"/>
  <testcase name="login" time="0.004" classname="testngdemo.testng2"/>
  <testcase name="logout" time="0.003" classname="testngdemo.testng2"/>
</testsuite> <!-- testngdemo.testng2 -->
