<?xml version="1.0" encoding="UTF-8"?>
<!-- Generated by org.testng.reporters.JUnitReportReporter -->
<testsuite skipped="0" hostname="HDC2-D-CBLWXJ2" name="testngdemo.Selectedrow" tests="1" failures="0" timestamp="13 Aug 2019 04:10:26 GMT" time="11.281" errors="0">
  <testcase name="sTest1" time="11.281" classname="testngdemo.Selectedrow"/>
</testsuite> <!-- testngdemo.Selectedrow -->
