<?xml version="1.0" encoding="UTF-8"?>
<!-- Generated by org.testng.reporters.JUnitReportReporter -->
<testsuite skipped="0" hostname="HDC2-D-CBLWXJ2" name="testngdemo.WindHand" tests="1" failures="0" timestamp="13 Aug 2019 05:26:06 GMT" time="19.080" errors="0">
  <testcase name="whand" time="19.080" classname="testngdemo.WindHand"/>
</testsuite> <!-- testngdemo.WindHand -->
