<?xml version="1.0" encoding="UTF-8"?>
<!-- Generated by org.testng.reporters.JUnitReportReporter -->
<testsuite skipped="0" hostname="HDC2-D-CBLWXJ2" name="testngdemo.Tags1" tests="1" failures="0" timestamp="12 Aug 2019 10:17:07 GMT" time="12.722" errors="0">
  <testcase name="sTest" time="12.722" classname="testngdemo.Tags1"/>
</testsuite> <!-- testngdemo.Tags1 -->
