<?xml version="1.0" encoding="UTF-8"?>
<!-- Generated by org.testng.reporters.JUnitReportReporter -->
<testsuite skipped="0" hostname="HDC2-D-CBLWXJ2" name="testngdemo.TestScreenshot" tests="1" failures="0" timestamp="13 Aug 2019 08:50:18 GMT" time="9.876" errors="0">
  <testcase name="testActions" time="9.876" classname="testngdemo.TestScreenshot"/>
</testsuite> <!-- testngdemo.TestScreenshot -->
