<?xml version="1.0" encoding="UTF-8"?>
<!-- Generated by org.testng.reporters.JUnitReportReporter -->
<testsuite skipped="1" hostname="HDC2-D-CBLWXJ2" name="testngdemo.ExtentReportsTest" tests="3" failures="0" timestamp="14 Aug 2019 08:33:12 GMT" time="0.051" errors="0">
  <testcase name="failTest" time="0.041" classname="testngdemo.ExtentReportsTest"/>
  <testcase name="passTest" time="0.005" classname="testngdemo.ExtentReportsTest"/>
  <testcase name="skipTest" time="0.005" classname="testngdemo.ExtentReportsTest">
    <skipped/>
  </testcase> <!-- skipTest -->
</testsuite> <!-- testngdemo.ExtentReportsTest -->
