<?xml version="1.0" encoding="UTF-8"?>
<!-- Generated by org.testng.reporters.JUnitReportReporter -->
<testsuite skipped="0" hostname="HDC2-D-CBLWXJ2" name="testngdemo.examplescenario1" tests="1" failures="0" timestamp="13 Aug 2019 08:59:47 GMT" time="52.259" errors="0">
  <testcase name="testActions" time="52.259" classname="testngdemo.examplescenario1"/>
</testsuite> <!-- testngdemo.examplescenario1 -->
