<?xml version="1.0" encoding="UTF-8"?>
<!-- Generated by org.testng.reporters.JUnitReportReporter -->
<testsuite skipped="0" hostname="HDC2-D-CBLWXJ2" name="testngdemo.Datasheetexample" tests="1" failures="0" timestamp="13 Aug 2019 10:33:47 GMT" time="0.986" errors="0">
  <testcase name="f" time="0.986" classname="testngdemo.Datasheetexample"/>
</testsuite> <!-- testngdemo.Datasheetexample -->
