<?xml version="1.0" encoding="UTF-8"?>
<!-- Generated by org.testng.reporters.JUnitReportReporter -->
<testsuite skipped="0" hostname="HDC2-D-CBLWXJ2" name="testngdemo.TestActionsKeyboard" tests="1" failures="0" timestamp="13 Aug 2019 06:44:44 GMT" time="15.962" errors="0">
  <testcase name="testActions" time="15.962" classname="testngdemo.TestActionsKeyboard"/>
</testsuite> <!-- testngdemo.TestActionsKeyboard -->
